<?xml version="1.0" encoding="UTF-8"?>
<testsuite name="ro.ovidiuconeac.foodtavern.webservice.components.food.api.SweetsControllerTest" time="0" tests="1" errors="1" skipped="0" failures="0">
  <properties>
[...]
</properties>
  <testcase name="initializationError" classname="ro.ovidiuconeac.foodtavern.webservice.components.food.api.SweetsControllerTest" time="0">
    <error message="Unable to find a @SpringBootConfiguration, you need to use @ContextConfiguration or @SpringBootTest(classes=...) with your test" type="java.lang.IllegalStateException"><![CDATA[java.lang.IllegalStateException: Unable to find a @SpringBootConfiguration, you need to use @ContextConfiguration or @SpringBootTest(classes=...) with your test
	at org.springframework.util.Assert.state(Assert.java:392)
	at org.springframework.boot.test.context.SpringBootTestContextBootstrapper.getOrFindConfigurationClasses(SpringBootTestContextBootstrapper.java:173)
	at org.springframework.boot.test.context.SpringBootTestContextBootstrapper.processMergedContextConfiguration(SpringBootTestContextBootstrapper.java:133)
	at org.springframework.test.context.support.AbstractTestContextBootstrapper.buildMergedContextConfiguration(AbstractTestContextBootstrapper.java:409)
	at org.springframework.test.context.support.AbstractTestContextBootstrapper.buildDefaultMergedContextConfiguration(AbstractTestContextBootstrapper.java:323)
	at org.springframework.test.context.support.AbstractTestContextBootstrapper.buildMergedContextConfiguration(AbstractTestContextBootstrapper.java:277)
	at org.springframework.test.context.support.AbstractTestContextBootstrapper.buildTestContext(AbstractTestContextBootstrapper.java:112)
	at org.springframework.boot.test.context.SpringBootTestContextBootstrapper.buildTestContext(SpringBootTestContextBootstrapper.java:78)
	at org.springframework.test.context.TestContextManager.<init>(TestContextManager.java:120)
	at org.springframework.test.context.TestContextManager.<init>(TestContextManager.java:105)
	at org.springframework.test.context.junit4.SpringJUnit4ClassRunner.createTestContextManager(SpringJUnit4ClassRunner.java:152)
	at org.springframework.test.context.junit4.SpringJUnit4ClassRunner.<init>(SpringJUnit4ClassRunner.java:143)
	at org.springframework.test.context.junit4.SpringRunner.<init>(SpringRunner.java:49)
	at sun.reflect.NativeConstructorAccessorImpl.newInstance0(Native Method)
	at sun.reflect.NativeConstructorAccessorImpl.newInstance(NativeConstructorAccessorImpl.java:62)
	at sun.reflect.DelegatingConstructorAccessorImpl.newInstance(DelegatingConstructorAccessorImpl.java:45)
	at java.lang.reflect.Constructor.newInstance(Constructor.java:423)
	at org.junit.internal.builders.AnnotatedBuilder.buildRunner(AnnotatedBuilder.java:104)
	at org.junit.internal.builders.AnnotatedBuilder.runnerForClass(AnnotatedBuilder.java:86)
	at org.junit.runners.model.RunnerBuilder.safeRunnerForClass(RunnerBuilder.java:59)
	at org.junit.internal.builders.AllDefaultPossibilitiesBuilder.runnerForClass(AllDefaultPossibilitiesBuilder.java:26)
	at org.junit.runners.model.RunnerBuilder.safeRunnerForClass(RunnerBuilder.java:59)
	at org.junit.internal.requests.ClassRequest.getRunner(ClassRequest.java:33)
	at org.apache.maven.surefire.junit4.JUnit4Provider.execute(JUnit4Provider.java:283)
	at org.apache.maven.surefire.junit4.JUnit4Provider.executeWithRerun(JUnit4Provider.java:173)
	at org.apache.maven.surefire.junit4.JUnit4Provider.executeTestSet(JUnit4Provider.java:153)
	at org.apache.maven.surefire.junit4.JUnit4Provider.invoke(JUnit4Provider.java:128)
	at org.apache.maven.surefire.booter.ForkedBooter.invokeProviderInSameClassLoader(ForkedBooter.java:203)
	at org.apache.maven.surefire.booter.ForkedBooter.runSuitesInProcess(ForkedBooter.java:155)
	at org.apache.maven.surefire.booter.ForkedBooter.main(ForkedBooter.java:103)
]]></error>
    <system-out><![CDATA[16:20:44.722 [main] DEBUG org.springframework.test.context.junit4.SpringJUnit4ClassRunner - SpringJUnit4ClassRunner constructor called with [class ro.ovidiuconeac.foodtavern.webservice.components.food.api.SweetsControllerTest]
16:20:44.722 [main] DEBUG org.springframework.test.context.BootstrapUtils - Instantiating CacheAwareContextLoaderDelegate from class [org.springframework.test.context.cache.DefaultCacheAwareContextLoaderDelegate]
16:20:44.722 [main] DEBUG org.springframework.test.context.BootstrapUtils - Instantiating BootstrapContext using constructor [public org.springframework.test.context.support.DefaultBootstrapContext(java.lang.Class,org.springframework.test.context.CacheAwareContextLoaderDelegate)]
16:20:44.722 [main] DEBUG org.springframework.test.context.BootstrapUtils - Instantiating TestContextBootstrapper for test class [ro.ovidiuconeac.foodtavern.webservice.components.food.api.SweetsControllerTest] from class [org.springframework.boot.test.context.SpringBootTestContextBootstrapper]
16:20:44.722 [main] INFO org.springframework.boot.test.context.SpringBootTestContextBootstrapper - Neither @ContextConfiguration nor @ContextHierarchy found for test class [ro.ovidiuconeac.foodtavern.webservice.components.food.api.SweetsControllerTest], using SpringBootContextLoader
16:20:44.725 [main] DEBUG org.springframework.test.context.support.AbstractContextLoader - Did not detect default resource location for test class [ro.ovidiuconeac.foodtavern.webservice.components.food.api.SweetsControllerTest]: class path resource [ro/ovidiuconeac/foodtavern/webservice/components/food/api/SweetsControllerTest-context.xml] does not exist
16:20:44.725 [main] DEBUG org.springframework.test.context.support.AbstractContextLoader - Did not detect default resource location for test class [ro.ovidiuconeac.foodtavern.webservice.components.food.api.SweetsControllerTest]: class path resource [ro/ovidiuconeac/foodtavern/webservice/components/food/api/SweetsControllerTestContext.groovy] does not exist
16:20:44.725 [main] INFO org.springframework.test.context.support.AbstractContextLoader - Could not detect default resource locations for test class [ro.ovidiuconeac.foodtavern.webservice.components.food.api.SweetsControllerTest]: no resource found for suffixes {-context.xml, Context.groovy}.
16:20:44.726 [main] INFO org.springframework.test.context.support.AnnotationConfigContextLoaderUtils - Could not detect default configuration classes for test class [ro.ovidiuconeac.foodtavern.webservice.components.food.api.SweetsControllerTest]: SweetsControllerTest does not declare any static, non-private, non-final, nested classes annotated with @Configuration.
16:20:44.730 [main] DEBUG org.springframework.test.context.support.ActiveProfilesUtils - Could not find an 'annotation declaring class' for annotation type [org.springframework.test.context.ActiveProfiles] and class [ro.ovidiuconeac.foodtavern.webservice.components.food.api.SweetsControllerTest]
16:20:44.730 [main] DEBUG org.springframework.core.env.StandardEnvironment - Adding [systemProperties] PropertySource with lowest search precedence
16:20:44.730 [main] DEBUG org.springframework.core.env.StandardEnvironment - Adding [systemEnvironment] PropertySource with lowest search precedence
16:20:44.730 [main] DEBUG org.springframework.core.env.StandardEnvironment - Initialized StandardEnvironment with PropertySources [systemProperties,systemEnvironment]
16:20:44.730 [main] DEBUG org.springframework.core.io.support.PathMatchingResourcePatternResolver - Resolved classpath location [ro/ovidiuconeac/foodtavern/webservice/components/food/api/] to resources [URL [file:/home/ovidiu/Developer/workspace/Spring/FoodTavern/web-service/target/test-classes/ro/ovidiuconeac/foodtavern/webservice/components/food/api/], URL [file:/home/ovidiu/Developer/workspace/Spring/FoodTavern/web-service/target/classes/ro/ovidiuconeac/foodtavern/webservice/components/food/api/]]
16:20:44.731 [main] DEBUG org.springframework.core.io.support.PathMatchingResourcePatternResolver - Looking for matching resources in directory tree [/home/ovidiu/Developer/workspace/Spring/FoodTavern/web-service/target/test-classes/ro/ovidiuconeac/foodtavern/webservice/components/food/api]
16:20:44.731 [main] DEBUG org.springframework.core.io.support.PathMatchingResourcePatternResolver - Searching directory [/home/ovidiu/Developer/workspace/Spring/FoodTavern/web-service/target/test-classes/ro/ovidiuconeac/foodtavern/webservice/components/food/api] for files matching pattern [/home/ovidiu/Developer/workspace/Spring/FoodTavern/web-service/target/test-classes/ro/ovidiuconeac/foodtavern/webservice/components/food/api/*.class]
16:20:44.731 [main] DEBUG org.springframework.core.io.support.PathMatchingResourcePatternResolver - Looking for matching resources in directory tree [/home/ovidiu/Developer/workspace/Spring/FoodTavern/web-service/target/classes/ro/ovidiuconeac/foodtavern/webservice/components/food/api]
16:20:44.731 [main] DEBUG org.springframework.core.io.support.PathMatchingResourcePatternResolver - Searching directory [/home/ovidiu/Developer/workspace/Spring/FoodTavern/web-service/target/classes/ro/ovidiuconeac/foodtavern/webservice/components/food/api] for files matching pattern [/home/ovidiu/Developer/workspace/Spring/FoodTavern/web-service/target/classes/ro/ovidiuconeac/foodtavern/webservice/components/food/api/*.class]
16:20:44.731 [main] DEBUG org.springframework.core.io.support.PathMatchingResourcePatternResolver - Resolved location pattern [classpath*:ro/ovidiuconeac/foodtavern/webservice/components/food/api/*.class] to resources [file [/home/ovidiu/Developer/workspace/Spring/FoodTavern/web-service/target/test-classes/ro/ovidiuconeac/foodtavern/webservice/components/food/api/CheesesControllerTest.class], file [/home/ovidiu/Developer/workspace/Spring/FoodTavern/web-service/target/test-classes/ro/ovidiuconeac/foodtavern/webservice/components/food/api/ControllerTestSuite.class], file [/home/ovidiu/Developer/workspace/Spring/FoodTavern/web-service/target/test-classes/ro/ovidiuconeac/foodtavern/webservice/components/food/api/FruitsControllerTest.class], file [/home/ovidiu/Developer/workspace/Spring/FoodTavern/web-service/target/test-classes/ro/ovidiuconeac/foodtavern/webservice/components/food/api/SweetsControllerTest.class], file [/home/ovidiu/Developer/workspace/Spring/FoodTavern/web-service/target/classes/ro/ovidiuconeac/foodtavern/webservice/components/food/api/CheesesControllerImpl.class], file [/home/ovidiu/Developer/workspace/Spring/FoodTavern/web-service/target/classes/ro/ovidiuconeac/foodtavern/webservice/components/food/api/FruitsControllerImpl.class], file [/home/ovidiu/Developer/workspace/Spring/FoodTavern/web-service/target/classes/ro/ovidiuconeac/foodtavern/webservice/components/food/api/SweetsControllerImpl.class]]
16:20:44.734 [main] DEBUG org.springframework.core.io.support.PathMatchingResourcePatternResolver - Resolved classpath location [ro/ovidiuconeac/foodtavern/webservice/components/food/] to resources [URL [file:/home/ovidiu/Developer/workspace/Spring/FoodTavern/web-service/target/test-classes/ro/ovidiuconeac/foodtavern/webservice/components/food/], URL [file:/home/ovidiu/Developer/workspace/Spring/FoodTavern/web-service/target/classes/ro/ovidiuconeac/foodtavern/webservice/components/food/]]
16:20:44.734 [main] DEBUG org.springframework.core.io.support.PathMatchingResourcePatternResolver - Looking for matching resources in directory tree [/home/ovidiu/Developer/workspace/Spring/FoodTavern/web-service/target/test-classes/ro/ovidiuconeac/foodtavern/webservice/components/food]
16:20:44.734 [main] DEBUG org.springframework.core.io.support.PathMatchingResourcePatternResolver - Searching directory [/home/ovidiu/Developer/workspace/Spring/FoodTavern/web-service/target/test-classes/ro/ovidiuconeac/foodtavern/webservice/components/food] for files matching pattern [/home/ovidiu/Developer/workspace/Spring/FoodTavern/web-service/target/test-classes/ro/ovidiuconeac/foodtavern/webservice/components/food/*.class]
16:20:44.735 [main] DEBUG org.springframework.core.io.support.PathMatchingResourcePatternResolver - Looking for matching resources in directory tree [/home/ovidiu/Developer/workspace/Spring/FoodTavern/web-service/target/classes/ro/ovidiuconeac/foodtavern/webservice/components/food]
16:20:44.735 [main] DEBUG org.springframework.core.io.support.PathMatchingResourcePatternResolver - Searching directory [/home/ovidiu/Developer/workspace/Spring/FoodTavern/web-service/target/classes/ro/ovidiuconeac/foodtavern/webservice/components/food] for files matching pattern [/home/ovidiu/Developer/workspace/Spring/FoodTavern/web-service/target/classes/ro/ovidiuconeac/foodtavern/webservice/components/food/*.class]
16:20:44.735 [main] DEBUG org.springframework.core.io.support.PathMatchingResourcePatternResolver - Resolved location pattern [classpath*:ro/ovidiuconeac/foodtavern/webservice/components/food/*.class] to resources []
16:20:44.735 [main] DEBUG org.springframework.core.io.support.PathMatchingResourcePatternResolver - Resolved classpath location [ro/ovidiuconeac/foodtavern/webservice/components/] to resources [URL [file:/home/ovidiu/Developer/workspace/Spring/FoodTavern/web-service/target/test-classes/ro/ovidiuconeac/foodtavern/webservice/components/], URL [file:/home/ovidiu/Developer/workspace/Spring/FoodTavern/web-service/target/classes/ro/ovidiuconeac/foodtavern/webservice/components/]]
16:20:44.735 [main] DEBUG org.springframework.core.io.support.PathMatchingResourcePatternResolver - Looking for matching resources in directory tree [/home/ovidiu/Developer/workspace/Spring/FoodTavern/web-service/target/test-classes/ro/ovidiuconeac/foodtavern/webservice/components]
16:20:44.735 [main] DEBUG org.springframework.core.io.support.PathMatchingResourcePatternResolver - Searching directory [/home/ovidiu/Developer/workspace/Spring/FoodTavern/web-service/target/test-classes/ro/ovidiuconeac/foodtavern/webservice/components] for files matching pattern [/home/ovidiu/Developer/workspace/Spring/FoodTavern/web-service/target/test-classes/ro/ovidiuconeac/foodtavern/webservice/components/*.class]
16:20:44.735 [main] DEBUG org.springframework.core.io.support.PathMatchingResourcePatternResolver - Looking for matching resources in directory tree [/home/ovidiu/Developer/workspace/Spring/FoodTavern/web-service/target/classes/ro/ovidiuconeac/foodtavern/webservice/components]
16:20:44.735 [main] DEBUG org.springframework.core.io.support.PathMatchingResourcePatternResolver - Searching directory [/home/ovidiu/Developer/workspace/Spring/FoodTavern/web-service/target/classes/ro/ovidiuconeac/foodtavern/webservice/components] for files matching pattern [/home/ovidiu/Developer/workspace/Spring/FoodTavern/web-service/target/classes/ro/ovidiuconeac/foodtavern/webservice/components/*.class]
16:20:44.735 [main] DEBUG org.springframework.core.io.support.PathMatchingResourcePatternResolver - Resolved location pattern [classpath*:ro/ovidiuconeac/foodtavern/webservice/components/*.class] to resources [file [/home/ovidiu/Developer/workspace/Spring/FoodTavern/web-service/target/classes/ro/ovidiuconeac/foodtavern/webservice/components/Main.class]]
16:20:44.736 [main] DEBUG org.springframework.core.io.support.PathMatchingResourcePatternResolver - Resolved classpath location [ro/ovidiuconeac/foodtavern/webservice/] to resources [URL [file:/home/ovidiu/Developer/workspace/Spring/FoodTavern/web-service/target/test-classes/ro/ovidiuconeac/foodtavern/webservice/], URL [file:/home/ovidiu/Developer/workspace/Spring/FoodTavern/web-service/target/classes/ro/ovidiuconeac/foodtavern/webservice/]]
16:20:44.736 [main] DEBUG org.springframework.core.io.support.PathMatchingResourcePatternResolver - Looking for matching resources in directory tree [/home/ovidiu/Developer/workspace/Spring/FoodTavern/web-service/target/test-classes/ro/ovidiuconeac/foodtavern/webservice]
16:20:44.736 [main] DEBUG org.springframework.core.io.support.PathMatchingResourcePatternResolver - Searching directory [/home/ovidiu/Developer/workspace/Spring/FoodTavern/web-service/target/test-classes/ro/ovidiuconeac/foodtavern/webservice] for files matching pattern [/home/ovidiu/Developer/workspace/Spring/FoodTavern/web-service/target/test-classes/ro/ovidiuconeac/foodtavern/webservice/*.class]
16:20:44.736 [main] DEBUG org.springframework.core.io.support.PathMatchingResourcePatternResolver - Looking for matching resources in directory tree [/home/ovidiu/Developer/workspace/Spring/FoodTavern/web-service/target/classes/ro/ovidiuconeac/foodtavern/webservice]
16:20:44.736 [main] DEBUG org.springframework.core.io.support.PathMatchingResourcePatternResolver - Searching directory [/home/ovidiu/Developer/workspace/Spring/FoodTavern/web-service/target/classes/ro/ovidiuconeac/foodtavern/webservice] for files matching pattern [/home/ovidiu/Developer/workspace/Spring/FoodTavern/web-service/target/classes/ro/ovidiuconeac/foodtavern/webservice/*.class]
16:20:44.736 [main] DEBUG org.springframework.core.io.support.PathMatchingResourcePatternResolver - Resolved location pattern [classpath*:ro/ovidiuconeac/foodtavern/webservice/*.class] to resources []
16:20:44.736 [main] DEBUG org.springframework.core.io.support.PathMatchingResourcePatternResolver - Resolved classpath location [ro/ovidiuconeac/foodtavern/] to resources [URL [file:/home/ovidiu/Developer/workspace/Spring/FoodTavern/web-service/target/test-classes/ro/ovidiuconeac/foodtavern/], URL [file:/home/ovidiu/Developer/workspace/Spring/FoodTavern/web-service/target/classes/ro/ovidiuconeac/foodtavern/], URL [jar:file:/home/ovidiu/Developer/workspace/Spring/FoodTavern/common/target/common-1.0.0.jar!/ro/ovidiuconeac/foodtavern/]]
16:20:44.736 [main] DEBUG org.springframework.core.io.support.PathMatchingResourcePatternResolver - Looking for matching resources in directory tree [/home/ovidiu/Developer/workspace/Spring/FoodTavern/web-service/target/test-classes/ro/ovidiuconeac/foodtavern]
16:20:44.736 [main] DEBUG org.springframework.core.io.support.PathMatchingResourcePatternResolver - Searching directory [/home/ovidiu/Developer/workspace/Spring/FoodTavern/web-service/target/test-classes/ro/ovidiuconeac/foodtavern] for files matching pattern [/home/ovidiu/Developer/workspace/Spring/FoodTavern/web-service/target/test-classes/ro/ovidiuconeac/foodtavern/*.class]
16:20:44.736 [main] DEBUG org.springframework.core.io.support.PathMatchingResourcePatternResolver - Looking for matching resources in directory tree [/home/ovidiu/Developer/workspace/Spring/FoodTavern/web-service/target/classes/ro/ovidiuconeac/foodtavern]
16:20:44.736 [main] DEBUG org.springframework.core.io.support.PathMatchingResourcePatternResolver - Searching directory [/home/ovidiu/Developer/workspace/Spring/FoodTavern/web-service/target/classes/ro/ovidiuconeac/foodtavern] for files matching pattern [/home/ovidiu/Developer/workspace/Spring/FoodTavern/web-service/target/classes/ro/ovidiuconeac/foodtavern/*.class]
16:20:44.736 [main] DEBUG org.springframework.core.io.support.PathMatchingResourcePatternResolver - Looking for matching resources in jar file [file:/home/ovidiu/Developer/workspace/Spring/FoodTavern/common/target/common-1.0.0.jar]
16:20:44.736 [main] DEBUG org.springframework.core.io.support.PathMatchingResourcePatternResolver - Resolved location pattern [classpath*:ro/ovidiuconeac/foodtavern/*.class] to resources []
16:20:44.736 [main] DEBUG org.springframework.core.io.support.PathMatchingResourcePatternResolver - Resolved classpath location [ro/ovidiuconeac/] to resources [URL [file:/home/ovidiu/Developer/workspace/Spring/FoodTavern/web-service/target/test-classes/ro/ovidiuconeac/], URL [file:/home/ovidiu/Developer/workspace/Spring/FoodTavern/web-service/target/classes/ro/ovidiuconeac/], URL [jar:file:/home/ovidiu/Developer/workspace/Spring/FoodTavern/common/target/common-1.0.0.jar!/ro/ovidiuconeac/]]
16:20:44.737 [main] DEBUG org.springframework.core.io.support.PathMatchingResourcePatternResolver - Looking for matching resources in directory tree [/home/ovidiu/Developer/workspace/Spring/FoodTavern/web-service/target/test-classes/ro/ovidiuconeac]
16:20:44.737 [main] DEBUG org.springframework.core.io.support.PathMatchingResourcePatternResolver - Searching directory [/home/ovidiu/Developer/workspace/Spring/FoodTavern/web-service/target/test-classes/ro/ovidiuconeac] for files matching pattern [/home/ovidiu/Developer/workspace/Spring/FoodTavern/web-service/target/test-classes/ro/ovidiuconeac/*.class]
16:20:44.737 [main] DEBUG org.springframework.core.io.support.PathMatchingResourcePatternResolver - Looking for matching resources in directory tree [/home/ovidiu/Developer/workspace/Spring/FoodTavern/web-service/target/classes/ro/ovidiuconeac]
16:20:44.737 [main] DEBUG org.springframework.core.io.support.PathMatchingResourcePatternResolver - Searching directory [/home/ovidiu/Developer/workspace/Spring/FoodTavern/web-service/target/classes/ro/ovidiuconeac] for files matching pattern [/home/ovidiu/Developer/workspace/Spring/FoodTavern/web-service/target/classes/ro/ovidiuconeac/*.class]
16:20:44.737 [main] DEBUG org.springframework.core.io.support.PathMatchingResourcePatternResolver - Looking for matching resources in jar file [file:/home/ovidiu/Developer/workspace/Spring/FoodTavern/common/target/common-1.0.0.jar]
16:20:44.737 [main] DEBUG org.springframework.core.io.support.PathMatchingResourcePatternResolver - Resolved location pattern [classpath*:ro/ovidiuconeac/*.class] to resources []
16:20:44.737 [main] DEBUG org.springframework.core.io.support.PathMatchingResourcePatternResolver - Resolved classpath location [ro/] to resources [URL [file:/home/ovidiu/Developer/workspace/Spring/FoodTavern/web-service/target/test-classes/ro/], URL [file:/home/ovidiu/Developer/workspace/Spring/FoodTavern/web-service/target/classes/ro/], URL [jar:file:/home/ovidiu/Developer/workspace/Spring/FoodTavern/common/target/common-1.0.0.jar!/ro/]]
16:20:44.737 [main] DEBUG org.springframework.core.io.support.PathMatchingResourcePatternResolver - Looking for matching resources in directory tree [/home/ovidiu/Developer/workspace/Spring/FoodTavern/web-service/target/test-classes/ro]
16:20:44.737 [main] DEBUG org.springframework.core.io.support.PathMatchingResourcePatternResolver - Searching directory [/home/ovidiu/Developer/workspace/Spring/FoodTavern/web-service/target/test-classes/ro] for files matching pattern [/home/ovidiu/Developer/workspace/Spring/FoodTavern/web-service/target/test-classes/ro/*.class]
16:20:44.737 [main] DEBUG org.springframework.core.io.support.PathMatchingResourcePatternResolver - Looking for matching resources in directory tree [/home/ovidiu/Developer/workspace/Spring/FoodTavern/web-service/target/classes/ro]
16:20:44.737 [main] DEBUG org.springframework.core.io.support.PathMatchingResourcePatternResolver - Searching directory [/home/ovidiu/Developer/workspace/Spring/FoodTavern/web-service/target/classes/ro] for files matching pattern [/home/ovidiu/Developer/workspace/Spring/FoodTavern/web-service/target/classes/ro/*.class]
16:20:44.737 [main] DEBUG org.springframework.core.io.support.PathMatchingResourcePatternResolver - Looking for matching resources in jar file [file:/home/ovidiu/Developer/workspace/Spring/FoodTavern/common/target/common-1.0.0.jar]
16:20:44.737 [main] DEBUG org.springframework.core.io.support.PathMatchingResourcePatternResolver - Resolved location pattern [classpath*:ro/*.class] to resources []
]]></system-out>
  </testcase>
</testsuite>